AH00558: apache2: Could not reliably determine the server's fully qualified domain name, using 172.22.0.2. Set the 'ServerName' directive globally to suppress this message
[Sun Nov 27 19:48:06.357452 2022] [mpm_prefork:notice] [pid 1] AH00163: Apache/2.4.52 (Debian) PHP/7.3.33 configured -- resuming normal operations
[Sun Nov 27 19:48:06.357522 2022] [core:notice] [pid 1] AH00094: Command line: 'apache2 -D FOREGROUND'
[Sun Nov 27 19:49:41.508272 2022] [mpm_prefork:notice] [pid 1] AH00170: caught SIGWINCH, shutting down gracefully
AH00558: apache2: Could not reliably determine the server's fully qualified domain name, using 172.22.0.2. Set the 'ServerName' directive globally to suppress this message
[Sun Nov 27 20:03:30.475631 2022] [mpm_prefork:notice] [pid 1] AH00163: Apache/2.4.52 (Debian) PHP/7.3.33 configured -- resuming normal operations
[Sun Nov 27 20:03:30.475802 2022] [core:notice] [pid 1] AH00094: Command line: 'apache2 -D FOREGROUND'
[Sun Nov 27 20:09:09.323448 2022] [mpm_prefork:notice] [pid 1] AH00169: caught SIGTERM, shutting down
[Sun Nov 27 20:09:13.685884 2022] [ssl:emerg] [pid 1] AH02562: Failed to configure certificate ec2-user@ec2-18-117-226-79.us-east-2.compute.amazonaws.com:443:0 (with chain), check /var/imported/ssl/certificado_x_cadena.pem
[Sun Nov 27 20:09:13.686008 2022] [ssl:emerg] [pid 1] SSL Library Error: error:140AB18F:SSL routines:SSL_CTX_use_certificate:ee key too small
AH00016: Configuration Failed
[Sun Nov 27 20:09:17.832954 2022] [ssl:emerg] [pid 1] AH02562: Failed to configure certificate ec2-user@ec2-18-117-226-79.us-east-2.compute.amazonaws.com:443:0 (with chain), check /var/imported/ssl/certificado_x_cadena.pem
[Sun Nov 27 20:09:17.866078 2022] [ssl:emerg] [pid 1] SSL Library Error: error:140AB18F:SSL routines:SSL_CTX_use_certificate:ee key too small
AH00016: Configuration Failed
[Sun Nov 27 20:09:21.379223 2022] [ssl:emerg] [pid 1] AH02562: Failed to configure certificate ec2-user@ec2-18-117-226-79.us-east-2.compute.amazonaws.com:443:0 (with chain), check /var/imported/ssl/certificado_x_cadena.pem
[Sun Nov 27 20:09:21.421598 2022] [ssl:emerg] [pid 1] SSL Library Error: error:140AB18F:SSL routines:SSL_CTX_use_certificate:ee key too small
AH00016: Configuration Failed
[Sun Nov 27 20:09:24.786915 2022] [ssl:emerg] [pid 1] AH02562: Failed to configure certificate ec2-user@ec2-18-117-226-79.us-east-2.compute.amazonaws.com:443:0 (with chain), check /var/imported/ssl/certificado_x_cadena.pem
[Sun Nov 27 20:09:24.832777 2022] [ssl:emerg] [pid 1] SSL Library Error: error:140AB18F:SSL routines:SSL_CTX_use_certificate:ee key too small
AH00016: Configuration Failed
[Sun Nov 27 20:09:28.613145 2022] [ssl:emerg] [pid 1] AH02562: Failed to configure certificate ec2-user@ec2-18-117-226-79.us-east-2.compute.amazonaws.com:443:0 (with chain), check /var/imported/ssl/certificado_x_cadena.pem
[Sun Nov 27 20:09:28.655286 2022] [ssl:emerg] [pid 1] SSL Library Error: error:140AB18F:SSL routines:SSL_CTX_use_certificate:ee key too small
AH00016: Configuration Failed
[Sun Nov 27 20:09:33.547197 2022] [ssl:emerg] [pid 1] AH02562: Failed to configure certificate ec2-user@ec2-18-117-226-79.us-east-2.compute.amazonaws.com:443:0 (with chain), check /var/imported/ssl/certificado_x_cadena.pem
[Sun Nov 27 20:09:33.566369 2022] [ssl:emerg] [pid 1] SSL Library Error: error:140AB18F:SSL routines:SSL_CTX_use_certificate:ee key too small
AH00016: Configuration Failed
[Sun Nov 27 20:09:41.892213 2022] [ssl:emerg] [pid 1] AH02562: Failed to configure certificate ec2-user@ec2-18-117-226-79.us-east-2.compute.amazonaws.com:443:0 (with chain), check /var/imported/ssl/certificado_x_cadena.pem
[Sun Nov 27 20:09:41.955383 2022] [ssl:emerg] [pid 1] SSL Library Error: error:140AB18F:SSL routines:SSL_CTX_use_certificate:ee key too small
AH00016: Configuration Failed
[Sun Nov 27 20:09:56.844807 2022] [ssl:emerg] [pid 1] AH02562: Failed to configure certificate ec2-user@ec2-18-117-226-79.us-east-2.compute.amazonaws.com:443:0 (with chain), check /var/imported/ssl/certificado_x_cadena.pem
[Sun Nov 27 20:09:56.844902 2022] [ssl:emerg] [pid 1] SSL Library Error: error:140AB18F:SSL routines:SSL_CTX_use_certificate:ee key too small
AH00016: Configuration Failed
[Sun Nov 27 20:10:24.261541 2022] [ssl:emerg] [pid 1] AH02562: Failed to configure certificate ec2-user@ec2-18-117-226-79.us-east-2.compute.amazonaws.com:443:0 (with chain), check /var/imported/ssl/certificado_x_cadena.pem
[Sun Nov 27 20:10:24.261648 2022] [ssl:emerg] [pid 1] SSL Library Error: error:140AB18F:SSL routines:SSL_CTX_use_certificate:ee key too small
AH00016: Configuration Failed
[Sun Nov 27 20:11:17.767746 2022] [ssl:emerg] [pid 1] AH02562: Failed to configure certificate ec2-user@ec2-18-117-226-79.us-east-2.compute.amazonaws.com:443:0 (with chain), check /var/imported/ssl/certificado_x_cadena.pem
[Sun Nov 27 20:11:17.777956 2022] [ssl:emerg] [pid 1] SSL Library Error: error:140AB18F:SSL routines:SSL_CTX_use_certificate:ee key too small
AH00016: Configuration Failed
[Sun Nov 27 20:12:16.171493 2022] [ssl:emerg] [pid 1] AH02562: Failed to configure certificate ec2-user@ec2-18-117-226-79.us-east-2.compute.amazonaws.com:443:0 (with chain), check /var/imported/ssl/certificado_x_cadena.pem
[Sun Nov 27 20:12:16.171587 2022] [ssl:emerg] [pid 1] SSL Library Error: error:140AB18F:SSL routines:SSL_CTX_use_certificate:ee key too small
AH00016: Configuration Failed
[Sun Nov 27 20:12:19.730362 2022] [ssl:emerg] [pid 1] AH02562: Failed to configure certificate ec2-user@ec2-18-117-226-79.us-east-2.compute.amazonaws.com:443:0 (with chain), check /var/imported/ssl/certificado_x_cadena.pem
[Sun Nov 27 20:12:19.730454 2022] [ssl:emerg] [pid 1] SSL Library Error: error:140AB18F:SSL routines:SSL_CTX_use_certificate:ee key too small
AH00016: Configuration Failed
[Sun Nov 27 20:12:22.999727 2022] [ssl:emerg] [pid 1] AH02562: Failed to configure certificate ec2-user@ec2-18-117-226-79.us-east-2.compute.amazonaws.com:443:0 (with chain), check /var/imported/ssl/certificado_x_cadena.pem
[Sun Nov 27 20:12:23.035113 2022] [ssl:emerg] [pid 1] SSL Library Error: error:140AB18F:SSL routines:SSL_CTX_use_certificate:ee key too small
AH00016: Configuration Failed
[Sun Nov 27 20:12:26.643930 2022] [ssl:emerg] [pid 1] AH02562: Failed to configure certificate ec2-user@ec2-18-117-226-79.us-east-2.compute.amazonaws.com:443:0 (with chain), check /var/imported/ssl/certificado_x_cadena.pem
[Sun Nov 27 20:12:26.690731 2022] [ssl:emerg] [pid 1] SSL Library Error: error:140AB18F:SSL routines:SSL_CTX_use_certificate:ee key too small
AH00016: Configuration Failed
[Sun Nov 27 20:12:29.660353 2022] [ssl:emerg] [pid 1] AH02562: Failed to configure certificate ec2-user@ec2-18-117-226-79.us-east-2.compute.amazonaws.com:443:0 (with chain), check /var/imported/ssl/certificado_x_cadena.pem
[Sun Nov 27 20:12:29.690808 2022] [ssl:emerg] [pid 1] SSL Library Error: error:140AB18F:SSL routines:SSL_CTX_use_certificate:ee key too small
AH00016: Configuration Failed
[Sun Nov 27 20:12:33.322469 2022] [ssl:emerg] [pid 1] AH02562: Failed to configure certificate ec2-user@ec2-18-117-226-79.us-east-2.compute.amazonaws.com:443:0 (with chain), check /var/imported/ssl/certificado_x_cadena.pem
[Sun Nov 27 20:12:33.368537 2022] [ssl:emerg] [pid 1] SSL Library Error: error:140AB18F:SSL routines:SSL_CTX_use_certificate:ee key too small
AH00016: Configuration Failed
[Sun Nov 27 20:12:37.849194 2022] [ssl:emerg] [pid 1] AH02562: Failed to configure certificate ec2-user@ec2-18-117-226-79.us-east-2.compute.amazonaws.com:443:0 (with chain), check /var/imported/ssl/certificado_x_cadena.pem
[Sun Nov 27 20:12:37.868836 2022] [ssl:emerg] [pid 1] SSL Library Error: error:140AB18F:SSL routines:SSL_CTX_use_certificate:ee key too small
AH00016: Configuration Failed
[Sun Nov 27 20:12:45.694022 2022] [ssl:emerg] [pid 1] AH02562: Failed to configure certificate ec2-user@ec2-18-117-226-79.us-east-2.compute.amazonaws.com:443:0 (with chain), check /var/imported/ssl/certificado_x_cadena.pem
[Sun Nov 27 20:12:45.724455 2022] [ssl:emerg] [pid 1] SSL Library Error: error:140AB18F:SSL routines:SSL_CTX_use_certificate:ee key too small
AH00016: Configuration Failed
[Sun Nov 27 20:13:01.472310 2022] [ssl:emerg] [pid 1] AH02562: Failed to configure certificate 172.22.0.2:443:0 (with chain), check /var/imported/ssl/certificado_x_cadena.pem
[Sun Nov 27 20:13:01.525006 2022] [ssl:emerg] [pid 1] SSL Library Error: error:140AB18F:SSL routines:SSL_CTX_use_certificate:ee key too small
AH00016: Configuration Failed
[Sun Nov 27 20:13:28.663167 2022] [ssl:emerg] [pid 1] AH02562: Failed to configure certificate 172.22.0.2:443:0 (with chain), check /var/imported/ssl/certificado_x_cadena.pem
[Sun Nov 27 20:13:28.663255 2022] [ssl:emerg] [pid 1] SSL Library Error: error:140AB18F:SSL routines:SSL_CTX_use_certificate:ee key too small
AH00016: Configuration Failed
[Sun Nov 27 20:14:21.199583 2022] [ssl:emerg] [pid 1] AH02562: Failed to configure certificate 172.22.0.2:443:0 (with chain), check /var/imported/ssl/certificado_x_cadena.pem
[Sun Nov 27 20:14:21.199704 2022] [ssl:emerg] [pid 1] SSL Library Error: error:140AB18F:SSL routines:SSL_CTX_use_certificate:ee key too small
AH00016: Configuration Failed
[Sun Nov 27 20:15:22.717059 2022] [ssl:emerg] [pid 1] AH02562: Failed to configure certificate localhost:443:0 (with chain), check /var/imported/ssl/certificado_x_cadena.pem
[Sun Nov 27 20:15:22.717192 2022] [ssl:emerg] [pid 1] SSL Library Error: error:140AB18F:SSL routines:SSL_CTX_use_certificate:ee key too small
AH00016: Configuration Failed
[Sun Nov 27 20:16:13.168354 2022] [ssl:emerg] [pid 1] AH02562: Failed to configure certificate localhost:443:0 (with chain), check /var/imported/ssl/certificado_x_cadena.pem
[Sun Nov 27 20:16:13.168451 2022] [ssl:emerg] [pid 1] SSL Library Error: error:140AB18F:SSL routines:SSL_CTX_use_certificate:ee key too small
AH00016: Configuration Failed
[Sun Nov 27 20:19:13.320670 2022] [ssl:emerg] [pid 1] AH02562: Failed to configure certificate localhost:443:0 (with chain), check /var/imported/ssl/certificado_x_cadena.pem
[Sun Nov 27 20:19:13.320770 2022] [ssl:emerg] [pid 1] SSL Library Error: error:140AB18F:SSL routines:SSL_CTX_use_certificate:ee key too small
AH00016: Configuration Failed
[Sun Nov 27 20:20:23.660515 2022] [ssl:emerg] [pid 1] AH02562: Failed to configure certificate localhost:443:0 (with chain), check /var/imported/ssl/certificado_x_cadena.pem
[Sun Nov 27 20:20:23.660651 2022] [ssl:emerg] [pid 1] SSL Library Error: error:140AB18F:SSL routines:SSL_CTX_use_certificate:ee key too small
AH00016: Configuration Failed
[Sun Nov 27 20:45:47.574266 2022] [ssl:warn] [pid 1] AH01906: localhost:443:0 server certificate is a CA certificate (BasicConstraints: CA == TRUE !?)
[Sun Nov 27 20:45:47.574368 2022] [ssl:warn] [pid 1] AH01909: localhost:443:0 server certificate does NOT include an ID which matches the server name
AH00558: apache2: Could not reliably determine the server's fully qualified domain name, using 172.22.0.2. Set the 'ServerName' directive globally to suppress this message
[Sun Nov 27 20:45:47.615498 2022] [ssl:warn] [pid 1] AH01906: localhost:443:0 server certificate is a CA certificate (BasicConstraints: CA == TRUE !?)
[Sun Nov 27 20:45:47.615546 2022] [ssl:warn] [pid 1] AH01909: localhost:443:0 server certificate does NOT include an ID which matches the server name
[Sun Nov 27 20:45:47.619791 2022] [mpm_prefork:notice] [pid 1] AH00163: Apache/2.4.52 (Debian) PHP/7.3.33 OpenSSL/1.1.1k configured -- resuming normal operations
[Sun Nov 27 20:45:47.619853 2022] [core:notice] [pid 1] AH00094: Command line: 'apache2 -D FOREGROUND'
[Sun Nov 27 20:46:12.751931 2022] [mpm_prefork:notice] [pid 1] AH00170: caught SIGWINCH, shutting down gracefully
AH00558: apache2: Could not reliably determine the server's fully qualified domain name, using 172.22.0.2. Set the 'ServerName' directive globally to suppress this message
[Sun Nov 27 20:46:34.497443 2022] [mpm_prefork:notice] [pid 1] AH00163: Apache/2.4.52 (Debian) PHP/7.3.33 configured -- resuming normal operations
[Sun Nov 27 20:46:34.497544 2022] [core:notice] [pid 1] AH00094: Command line: 'apache2 -D FOREGROUND'
[Sun Nov 27 20:46:58.880815 2022] [mpm_prefork:notice] [pid 1] AH00170: caught SIGWINCH, shutting down gracefully
[Sun Nov 27 20:48:57.747408 2022] [ssl:warn] [pid 1] AH01906: localhost:443:0 server certificate is a CA certificate (BasicConstraints: CA == TRUE !?)
[Sun Nov 27 20:48:57.763580 2022] [ssl:warn] [pid 1] AH01909: localhost:443:0 server certificate does NOT include an ID which matches the server name
AH00558: apache2: Could not reliably determine the server's fully qualified domain name, using 172.22.0.2. Set the 'ServerName' directive globally to suppress this message
[Sun Nov 27 20:48:57.789583 2022] [ssl:warn] [pid 1] AH01906: localhost:443:0 server certificate is a CA certificate (BasicConstraints: CA == TRUE !?)
[Sun Nov 27 20:48:57.789629 2022] [ssl:warn] [pid 1] AH01909: localhost:443:0 server certificate does NOT include an ID which matches the server name
[Sun Nov 27 20:48:57.793742 2022] [mpm_prefork:notice] [pid 1] AH00163: Apache/2.4.52 (Debian) PHP/7.3.33 OpenSSL/1.1.1k configured -- resuming normal operations
[Sun Nov 27 20:48:57.793805 2022] [core:notice] [pid 1] AH00094: Command line: 'apache2 -D FOREGROUND'
[Mon Nov 28 05:05:29.187672 2022] [mpm_prefork:notice] [pid 1] AH00169: caught SIGTERM, shutting down
[Mon Nov 28 13:39:15.691398 2022] [ssl:warn] [pid 1] AH01906: localhost:443:0 server certificate is a CA certificate (BasicConstraints: CA == TRUE !?)
[Mon Nov 28 13:39:15.778930 2022] [ssl:warn] [pid 1] AH01909: localhost:443:0 server certificate does NOT include an ID which matches the server name
AH00558: apache2: Could not reliably determine the server's fully qualified domain name, using 172.22.0.2. Set the 'ServerName' directive globally to suppress this message
[Mon Nov 28 13:39:16.403959 2022] [ssl:warn] [pid 1] AH01906: localhost:443:0 server certificate is a CA certificate (BasicConstraints: CA == TRUE !?)
[Mon Nov 28 13:39:16.403994 2022] [ssl:warn] [pid 1] AH01909: localhost:443:0 server certificate does NOT include an ID which matches the server name
[Mon Nov 28 13:39:16.407004 2022] [mpm_prefork:notice] [pid 1] AH00163: Apache/2.4.52 (Debian) PHP/7.3.33 OpenSSL/1.1.1k configured -- resuming normal operations
[Mon Nov 28 13:39:16.407038 2022] [core:notice] [pid 1] AH00094: Command line: 'apache2 -D FOREGROUND'
[Tue Nov 29 05:53:46.083343 2022] [mpm_prefork:notice] [pid 1] AH00169: caught SIGTERM, shutting down
[Tue Nov 29 12:20:06.660833 2022] [ssl:warn] [pid 1] AH01906: localhost:443:0 server certificate is a CA certificate (BasicConstraints: CA == TRUE !?)
[Tue Nov 29 12:20:06.915471 2022] [ssl:warn] [pid 1] AH01909: localhost:443:0 server certificate does NOT include an ID which matches the server name
AH00558: apache2: Could not reliably determine the server's fully qualified domain name, using 172.22.0.2. Set the 'ServerName' directive globally to suppress this message
[Tue Nov 29 12:20:08.684922 2022] [ssl:warn] [pid 1] AH01906: localhost:443:0 server certificate is a CA certificate (BasicConstraints: CA == TRUE !?)
[Tue Nov 29 12:20:08.684968 2022] [ssl:warn] [pid 1] AH01909: localhost:443:0 server certificate does NOT include an ID which matches the server name
[Tue Nov 29 12:20:08.688167 2022] [mpm_prefork:notice] [pid 1] AH00163: Apache/2.4.52 (Debian) PHP/7.3.33 OpenSSL/1.1.1k configured -- resuming normal operations
[Tue Nov 29 12:20:08.688224 2022] [core:notice] [pid 1] AH00094: Command line: 'apache2 -D FOREGROUND'
[Tue Nov 29 13:28:38.462263 2022] [ssl:warn] [pid 1] AH01906: localhost:443:0 server certificate is a CA certificate (BasicConstraints: CA == TRUE !?)
[Tue Nov 29 13:28:38.550221 2022] [ssl:warn] [pid 1] AH01909: localhost:443:0 server certificate does NOT include an ID which matches the server name
AH00558: apache2: Could not reliably determine the server's fully qualified domain name, using 172.22.0.2. Set the 'ServerName' directive globally to suppress this message
[Tue Nov 29 13:28:39.220217 2022] [ssl:warn] [pid 1] AH01906: localhost:443:0 server certificate is a CA certificate (BasicConstraints: CA == TRUE !?)
[Tue Nov 29 13:28:39.220255 2022] [ssl:warn] [pid 1] AH01909: localhost:443:0 server certificate does NOT include an ID which matches the server name
[Tue Nov 29 13:28:39.223266 2022] [mpm_prefork:notice] [pid 1] AH00163: Apache/2.4.52 (Debian) PHP/7.3.33 OpenSSL/1.1.1k configured -- resuming normal operations
[Tue Nov 29 13:28:39.223324 2022] [core:notice] [pid 1] AH00094: Command line: 'apache2 -D FOREGROUND'
[Tue Nov 29 13:55:46.248976 2022] [mpm_prefork:notice] [pid 1] AH00170: caught SIGWINCH, shutting down gracefully
[Tue Nov 29 22:38:37.115621 2022] [ssl:warn] [pid 1] AH01906: localhost:443:0 server certificate is a CA certificate (BasicConstraints: CA == TRUE !?)
[Tue Nov 29 22:38:37.208462 2022] [ssl:warn] [pid 1] AH01909: localhost:443:0 server certificate does NOT include an ID which matches the server name
AH00558: apache2: Could not reliably determine the server's fully qualified domain name, using 172.22.0.2. Set the 'ServerName' directive globally to suppress this message
[Tue Nov 29 22:38:37.840090 2022] [ssl:warn] [pid 1] AH01906: localhost:443:0 server certificate is a CA certificate (BasicConstraints: CA == TRUE !?)
[Tue Nov 29 22:38:37.840122 2022] [ssl:warn] [pid 1] AH01909: localhost:443:0 server certificate does NOT include an ID which matches the server name
[Tue Nov 29 22:38:37.842987 2022] [mpm_prefork:notice] [pid 1] AH00163: Apache/2.4.52 (Debian) PHP/7.3.33 OpenSSL/1.1.1k configured -- resuming normal operations
[Tue Nov 29 22:38:37.843022 2022] [core:notice] [pid 1] AH00094: Command line: 'apache2 -D FOREGROUND'
[Wed Nov 30 04:26:50.436862 2022] [mpm_prefork:notice] [pid 1] AH00170: caught SIGWINCH, shutting down gracefully
[Wed Nov 30 04:28:03.145366 2022] [ssl:warn] [pid 1] AH01906: localhost:443:0 server certificate is a CA certificate (BasicConstraints: CA == TRUE !?)
[Wed Nov 30 04:28:03.145372 2022] [ssl:warn] [pid 1] AH01906: localhost:443:0 server certificate is a CA certificate (BasicConstraints: CA == TRUE !?)
[Wed Nov 30 04:28:03.154245 2022] [ssl:warn] [pid 1] AH01909: localhost:443:0 server certificate does NOT include an ID which matches the server name
[Wed Nov 30 04:28:03.154244 2022] [ssl:warn] [pid 1] AH01909: localhost:443:0 server certificate does NOT include an ID which matches the server name
AH00558: apache2: Could not reliably determine the server's fully qualified domain name, using 172.22.0.2. Set the 'ServerName' directive globally to suppress this message
AH00558: apache2: Could not reliably determine the server's fully qualified domain name, using 172.22.0.3. Set the 'ServerName' directive globally to suppress this message
[Wed Nov 30 04:28:03.319502 2022] [ssl:warn] [pid 1] AH01906: localhost:443:0 server certificate is a CA certificate (BasicConstraints: CA == TRUE !?)
[Wed Nov 30 04:28:03.319518 2022] [ssl:warn] [pid 1] AH01906: localhost:443:0 server certificate is a CA certificate (BasicConstraints: CA == TRUE !?)
[Wed Nov 30 04:28:03.319560 2022] [ssl:warn] [pid 1] AH01909: localhost:443:0 server certificate does NOT include an ID which matches the server name
[Wed Nov 30 04:28:03.319563 2022] [ssl:warn] [pid 1] AH01909: localhost:443:0 server certificate does NOT include an ID which matches the server name
[Wed Nov 30 04:28:03.354344 2022] [mpm_prefork:notice] [pid 1] AH00163: Apache/2.4.52 (Debian) PHP/7.3.33 OpenSSL/1.1.1k configured -- resuming normal operations
[Wed Nov 30 04:28:03.354361 2022] [mpm_prefork:notice] [pid 1] AH00163: Apache/2.4.52 (Debian) PHP/7.3.33 OpenSSL/1.1.1k configured -- resuming normal operations
[Wed Nov 30 04:28:03.354405 2022] [core:notice] [pid 1] AH00094: Command line: 'apache2 -D FOREGROUND'
[Wed Nov 30 04:28:03.354681 2022] [core:notice] [pid 1] AH00094: Command line: 'apache2 -D FOREGROUND'
[Wed Nov 30 06:33:34.502235 2022] [mpm_prefork:notice] [pid 1] AH00170: caught SIGWINCH, shutting down gracefully
[Wed Nov 30 06:33:34.502241 2022] [mpm_prefork:notice] [pid 1] AH00170: caught SIGWINCH, shutting down gracefully
[Wed Nov 30 06:33:58.068619 2022] [ssl:warn] [pid 1] AH01906: localhost:443:0 server certificate is a CA certificate (BasicConstraints: CA == TRUE !?)
[Wed Nov 30 06:33:58.068727 2022] [ssl:warn] [pid 1] AH01909: localhost:443:0 server certificate does NOT include an ID which matches the server name
AH00558: apache2: Could not reliably determine the server's fully qualified domain name, using 172.22.0.2. Set the 'ServerName' directive globally to suppress this message
[Wed Nov 30 06:33:58.119416 2022] [ssl:warn] [pid 1] AH01906: localhost:443:0 server certificate is a CA certificate (BasicConstraints: CA == TRUE !?)
[Wed Nov 30 06:33:58.119468 2022] [ssl:warn] [pid 1] AH01909: localhost:443:0 server certificate does NOT include an ID which matches the server name
[Wed Nov 30 06:33:58.125250 2022] [mpm_prefork:notice] [pid 1] AH00163: Apache/2.4.52 (Debian) PHP/7.3.33 OpenSSL/1.1.1k configured -- resuming normal operations
[Wed Nov 30 06:33:58.128313 2022] [core:notice] [pid 1] AH00094: Command line: 'apache2 -D FOREGROUND'
[Wed Nov 30 06:34:16.270637 2022] [mpm_prefork:notice] [pid 1] AH00170: caught SIGWINCH, shutting down gracefully
[Wed Nov 30 06:35:24.048336 2022] [ssl:warn] [pid 1] AH01906: localhost:443:0 server certificate is a CA certificate (BasicConstraints: CA == TRUE !?)
[Wed Nov 30 06:35:24.048192 2022] [ssl:warn] [pid 1] AH01906: localhost:443:0 server certificate is a CA certificate (BasicConstraints: CA == TRUE !?)
[Wed Nov 30 06:35:24.074087 2022] [ssl:warn] [pid 1] AH01909: localhost:443:0 server certificate does NOT include an ID which matches the server name
[Wed Nov 30 06:35:24.074103 2022] [ssl:warn] [pid 1] AH01909: localhost:443:0 server certificate does NOT include an ID which matches the server name
AH00558: apache2: Could not reliably determine the server's fully qualified domain name, using 172.22.0.3. Set the 'ServerName' directive globally to suppress this message
AH00558: apache2: Could not reliably determine the server's fully qualified domain name, using 172.22.0.2. Set the 'ServerName' directive globally to suppress this message
[Wed Nov 30 06:35:24.226613 2022] [ssl:warn] [pid 1] AH01906: localhost:443:0 server certificate is a CA certificate (BasicConstraints: CA == TRUE !?)
[Wed Nov 30 06:35:24.226721 2022] [ssl:warn] [pid 1] AH01909: localhost:443:0 server certificate does NOT include an ID which matches the server name
[Wed Nov 30 06:35:24.226842 2022] [ssl:warn] [pid 1] AH01906: localhost:443:0 server certificate is a CA certificate (BasicConstraints: CA == TRUE !?)
[Wed Nov 30 06:35:24.226874 2022] [ssl:warn] [pid 1] AH01909: localhost:443:0 server certificate does NOT include an ID which matches the server name
[Wed Nov 30 06:35:24.245579 2022] [mpm_prefork:notice] [pid 1] AH00163: Apache/2.4.52 (Debian) PHP/7.3.33 OpenSSL/1.1.1k configured -- resuming normal operations
[Wed Nov 30 06:35:24.245579 2022] [mpm_prefork:notice] [pid 1] AH00163: Apache/2.4.52 (Debian) PHP/7.3.33 OpenSSL/1.1.1k configured -- resuming normal operations
[Wed Nov 30 06:35:24.245632 2022] [core:notice] [pid 1] AH00094: Command line: 'apache2 -D FOREGROUND'
[Wed Nov 30 06:35:24.245632 2022] [core:notice] [pid 1] AH00094: Command line: 'apache2 -D FOREGROUND'
[Wed Nov 30 06:37:02.720551 2022] [mpm_prefork:notice] [pid 1] AH00170: caught SIGWINCH, shutting down gracefully
[Wed Nov 30 06:37:02.748999 2022] [mpm_prefork:notice] [pid 1] AH00170: caught SIGWINCH, shutting down gracefully
[Wed Nov 30 06:37:21.317329 2022] [ssl:warn] [pid 1] AH01906: localhost:443:0 server certificate is a CA certificate (BasicConstraints: CA == TRUE !?)
[Wed Nov 30 06:37:21.317519 2022] [ssl:warn] [pid 1] AH01909: localhost:443:0 server certificate does NOT include an ID which matches the server name
AH00558: apache2: Could not reliably determine the server's fully qualified domain name, using 172.22.0.2. Set the 'ServerName' directive globally to suppress this message
[Wed Nov 30 06:37:21.376549 2022] [ssl:warn] [pid 1] AH01906: localhost:443:0 server certificate is a CA certificate (BasicConstraints: CA == TRUE !?)
[Wed Nov 30 06:37:21.376605 2022] [ssl:warn] [pid 1] AH01909: localhost:443:0 server certificate does NOT include an ID which matches the server name
[Wed Nov 30 06:37:21.381781 2022] [mpm_prefork:notice] [pid 1] AH00163: Apache/2.4.52 (Debian) PHP/7.3.33 OpenSSL/1.1.1k configured -- resuming normal operations
[Wed Nov 30 06:37:21.381870 2022] [core:notice] [pid 1] AH00094: Command line: 'apache2 -D FOREGROUND'
[Wed Nov 30 06:37:21.813203 2022] [ssl:warn] [pid 1] AH01906: localhost:443:0 server certificate is a CA certificate (BasicConstraints: CA == TRUE !?)
[Wed Nov 30 06:37:21.813283 2022] [ssl:warn] [pid 1] AH01909: localhost:443:0 server certificate does NOT include an ID which matches the server name
AH00558: apache2: Could not reliably determine the server's fully qualified domain name, using 172.22.0.3. Set the 'ServerName' directive globally to suppress this message
[Wed Nov 30 06:37:21.837006 2022] [ssl:warn] [pid 1] AH01906: localhost:443:0 server certificate is a CA certificate (BasicConstraints: CA == TRUE !?)
[Wed Nov 30 06:37:21.837047 2022] [ssl:warn] [pid 1] AH01909: localhost:443:0 server certificate does NOT include an ID which matches the server name
[Wed Nov 30 06:37:21.841139 2022] [mpm_prefork:notice] [pid 1] AH00163: Apache/2.4.52 (Debian) PHP/7.3.33 OpenSSL/1.1.1k configured -- resuming normal operations
[Wed Nov 30 06:37:21.841179 2022] [core:notice] [pid 1] AH00094: Command line: 'apache2 -D FOREGROUND'
[Wed Nov 30 06:37:29.714341 2022] [mpm_prefork:notice] [pid 1] AH00170: caught SIGWINCH, shutting down gracefully
[Wed Nov 30 06:37:29.730063 2022] [mpm_prefork:notice] [pid 1] AH00170: caught SIGWINCH, shutting down gracefully
